2025-11-12 08:10:32.9296|||14|Microsoft.Hosting.Lifetime|INFO|Now listening on: http://localhost:5001 
2025-11-12 08:10:32.9533||||Microsoft.Hosting.Lifetime|INFO|Application started. Press Ctrl+C to shut down. 
2025-11-12 08:10:32.9533||||Microsoft.Hosting.Lifetime|INFO|Hosting environment: Development 
2025-11-12 08:10:32.9533||||Microsoft.Hosting.Lifetime|INFO|Content root path: C:\Users\jw\Desktop\smak-hitchhiking\smak\backend 
2025-11-12 08:12:49.0960||||Microsoft.Hosting.Lifetime|INFO|Application is shutting down... 
2025-11-12 08:13:14.2215|||14|Microsoft.Hosting.Lifetime|INFO|Now listening on: http://localhost:5001 
2025-11-12 08:13:14.2463||||Microsoft.Hosting.Lifetime|INFO|Application started. Press Ctrl+C to shut down. 
2025-11-12 08:13:14.2467||||Microsoft.Hosting.Lifetime|INFO|Hosting environment: Development 
2025-11-12 08:13:14.2467||||Microsoft.Hosting.Lifetime|INFO|Content root path: C:\Users\jw\Desktop\smak-hitchhiking\smak\backend 
2025-11-12 08:47:18.3857||||Microsoft.Hosting.Lifetime|INFO|Application is shutting down... 
2025-11-12 08:49:11.3484|||14|Microsoft.Hosting.Lifetime|INFO|Now listening on: http://localhost:5001 
2025-11-12 08:49:11.3710||||Microsoft.Hosting.Lifetime|INFO|Application started. Press Ctrl+C to shut down. 
2025-11-12 08:49:11.3715||||Microsoft.Hosting.Lifetime|INFO|Hosting environment: Development 
2025-11-12 08:49:11.3715||||Microsoft.Hosting.Lifetime|INFO|Content root path: C:\Users\jw\Desktop\smak-hitchhiking\smak\backend 
2025-11-12 09:06:41.9183||||Microsoft.Hosting.Lifetime|INFO|Application is shutting down... 
2025-11-12 09:06:46.3523|||14|Microsoft.Hosting.Lifetime|INFO|Now listening on: http://localhost:5001 
2025-11-12 09:06:46.3770||||Microsoft.Hosting.Lifetime|INFO|Application started. Press Ctrl+C to shut down. 
2025-11-12 09:06:46.3770||||Microsoft.Hosting.Lifetime|INFO|Hosting environment: Development 
2025-11-12 09:06:46.3770||||Microsoft.Hosting.Lifetime|INFO|Content root path: C:\Users\jw\Desktop\smak-hitchhiking\smak\backend 
2025-11-12 09:07:34.3538||||Microsoft.Hosting.Lifetime|INFO|Application is shutting down... 
2025-11-12 09:07:44.4734|||14|Microsoft.Hosting.Lifetime|INFO|Now listening on: http://localhost:5001 
2025-11-12 09:07:44.4962||||Microsoft.Hosting.Lifetime|INFO|Application started. Press Ctrl+C to shut down. 
2025-11-12 09:07:44.4966||||Microsoft.Hosting.Lifetime|INFO|Hosting environment: Development 
2025-11-12 09:07:44.4966||||Microsoft.Hosting.Lifetime|INFO|Content root path: C:\Users\jw\Desktop\smak-hitchhiking\smak\backend 
2025-11-12 09:08:09.0508||||Microsoft.Hosting.Lifetime|INFO|Application is shutting down... 
