2025-10-30 08:40:56.5479|||14|Microsoft.Hosting.Lifetime|INFO|Now listening on: http://localhost:5001 
2025-10-30 08:40:56.5695||||Microsoft.Hosting.Lifetime|INFO|Application started. Press Ctrl+C to shut down. 
2025-10-30 08:40:56.5701||||Microsoft.Hosting.Lifetime|INFO|Hosting environment: Development 
2025-10-30 08:40:56.5701||||Microsoft.Hosting.Lifetime|INFO|Content root path: C:\Users\Viktor\source\repos\smak-hitchhiking\smak\backend 
2025-10-30 09:40:15.1651||||Microsoft.Hosting.Lifetime|INFO|Application is shutting down... 
2025-10-30 09:44:05.8169|||14|Microsoft.Hosting.Lifetime|INFO|Now listening on: http://localhost:5001 
2025-10-30 09:44:05.8420||||Microsoft.Hosting.Lifetime|INFO|Application started. Press Ctrl+C to shut down. 
2025-10-30 09:44:05.8420||||Microsoft.Hosting.Lifetime|INFO|Hosting environment: Development 
2025-10-30 09:44:05.8420||||Microsoft.Hosting.Lifetime|INFO|Content root path: C:\Users\Viktor\source\repos\smak-hitchhiking\smak\backend 
2025-10-30 10:46:35.2814||||Microsoft.Hosting.Lifetime|INFO|Application is shutting down... 
2025-10-30 10:48:25.4276|||14|Microsoft.Hosting.Lifetime|INFO|Now listening on: http://localhost:5001 
2025-10-30 10:48:25.4479||||Microsoft.Hosting.Lifetime|INFO|Application started. Press Ctrl+C to shut down. 
2025-10-30 10:48:25.4479||||Microsoft.Hosting.Lifetime|INFO|Hosting environment: Development 
2025-10-30 10:48:25.4479||||Microsoft.Hosting.Lifetime|INFO|Content root path: C:\Users\Viktor\source\repos\smak-hitchhiking\smak\backend 
2025-10-30 13:00:09.0857||||Microsoft.Hosting.Lifetime|INFO|Application is shutting down... 
2025-10-30 13:00:17.4619|||14|Microsoft.Hosting.Lifetime|INFO|Now listening on: http://localhost:5001 
2025-10-30 13:00:17.4811||||Microsoft.Hosting.Lifetime|INFO|Application started. Press Ctrl+C to shut down. 
2025-10-30 13:00:17.4811||||Microsoft.Hosting.Lifetime|INFO|Hosting environment: Development 
2025-10-30 13:00:17.4811||||Microsoft.Hosting.Lifetime|INFO|Content root path: C:\Users\Viktor\source\repos\smak-hitchhiking\smak\backend 
2025-10-30 13:03:23.8176||||Microsoft.Hosting.Lifetime|INFO|Application is shutting down... 
2025-10-30 13:07:22.6095|||14|Microsoft.Hosting.Lifetime|INFO|Now listening on: http://localhost:5001 
2025-10-30 13:07:22.6319||||Microsoft.Hosting.Lifetime|INFO|Application started. Press Ctrl+C to shut down. 
2025-10-30 13:07:22.6319||||Microsoft.Hosting.Lifetime|INFO|Hosting environment: Development 
2025-10-30 13:07:22.6326||||Microsoft.Hosting.Lifetime|INFO|Content root path: C:\Users\Viktor\source\repos\smak-hitchhiking\smak\backend 
2025-10-30 13:13:29.0378||||Microsoft.Hosting.Lifetime|INFO|Application is shutting down... 
2025-10-30 13:13:56.5579|||14|Microsoft.Hosting.Lifetime|INFO|Now listening on: http://localhost:5001 
2025-10-30 13:13:56.5785||||Microsoft.Hosting.Lifetime|INFO|Application started. Press Ctrl+C to shut down. 
2025-10-30 13:13:56.5785||||Microsoft.Hosting.Lifetime|INFO|Hosting environment: Development 
2025-10-30 13:13:56.5785||||Microsoft.Hosting.Lifetime|INFO|Content root path: C:\Users\Viktor\source\repos\smak-hitchhiking\smak\backend 
2025-10-30 13:14:35.4587||||Microsoft.Hosting.Lifetime|INFO|Application is shutting down... 
2025-10-30 13:14:46.9055|||14|Microsoft.Hosting.Lifetime|INFO|Now listening on: http://localhost:5001 
2025-10-30 13:14:46.9260||||Microsoft.Hosting.Lifetime|INFO|Application started. Press Ctrl+C to shut down. 
2025-10-30 13:14:46.9260||||Microsoft.Hosting.Lifetime|INFO|Hosting environment: Development 
2025-10-30 13:14:46.9260||||Microsoft.Hosting.Lifetime|INFO|Content root path: C:\Users\Viktor\source\repos\smak-hitchhiking\smak\backend 
2025-10-30 21:07:45.4014|||14|Microsoft.Hosting.Lifetime|INFO|Now listening on: http://localhost:5001 
2025-10-30 21:07:45.4251||||Microsoft.Hosting.Lifetime|INFO|Application started. Press Ctrl+C to shut down. 
2025-10-30 21:07:45.4251||||Microsoft.Hosting.Lifetime|INFO|Hosting environment: Development 
2025-10-30 21:07:45.4251||||Microsoft.Hosting.Lifetime|INFO|Content root path: C:\Users\Viktor\source\repos\smak-hitchhiking\smak\backend 
2025-10-30 21:53:37.1001||||Microsoft.Hosting.Lifetime|INFO|Application is shutting down... 
2025-10-30 21:53:46.9396|||14|Microsoft.Hosting.Lifetime|INFO|Now listening on: http://localhost:5001 
2025-10-30 21:53:46.9602||||Microsoft.Hosting.Lifetime|INFO|Application started. Press Ctrl+C to shut down. 
2025-10-30 21:53:46.9608||||Microsoft.Hosting.Lifetime|INFO|Hosting environment: Development 
2025-10-30 21:53:46.9608||||Microsoft.Hosting.Lifetime|INFO|Content root path: C:\Users\Viktor\source\repos\smak-hitchhiking\smak\backend 
2025-10-30 21:57:51.7927||||Microsoft.Hosting.Lifetime|INFO|Application is shutting down... 
2025-10-30 21:57:57.5646|||14|Microsoft.Hosting.Lifetime|INFO|Now listening on: http://localhost:5001 
2025-10-30 21:57:57.5878||||Microsoft.Hosting.Lifetime|INFO|Application started. Press Ctrl+C to shut down. 
2025-10-30 21:57:57.5878||||Microsoft.Hosting.Lifetime|INFO|Hosting environment: Development 
2025-10-30 21:57:57.5878||||Microsoft.Hosting.Lifetime|INFO|Content root path: C:\Users\Viktor\source\repos\smak-hitchhiking\smak\backend 
2025-10-30 21:59:56.1046||||Microsoft.Hosting.Lifetime|INFO|Application is shutting down... 
