2025-11-03 09:52:59.5517|||14|Microsoft.Hosting.Lifetime|INFO|Now listening on: http://localhost:5001 
2025-11-03 09:52:59.5728||||Microsoft.Hosting.Lifetime|INFO|Application started. Press Ctrl+C to shut down. 
2025-11-03 09:52:59.5728||||Microsoft.Hosting.Lifetime|INFO|Hosting environment: Development 
2025-11-03 09:52:59.5728||||Microsoft.Hosting.Lifetime|INFO|Content root path: C:\Users\Viktor\source\repos\smak-hitchhiking\smak\backend 
2025-11-03 10:08:09.6977||||Microsoft.Hosting.Lifetime|INFO|Application is shutting down... 
2025-11-03 10:22:09.8503|||14|Microsoft.Hosting.Lifetime|INFO|Now listening on: http://localhost:5001 
2025-11-03 10:22:09.8717||||Microsoft.Hosting.Lifetime|INFO|Application started. Press Ctrl+C to shut down. 
2025-11-03 10:22:09.8717||||Microsoft.Hosting.Lifetime|INFO|Hosting environment: Development 
2025-11-03 10:22:09.8717||||Microsoft.Hosting.Lifetime|INFO|Content root path: C:\Users\Viktor\source\repos\smak-hitchhiking\smak\backend 
2025-11-03 10:41:38.0527||||Microsoft.Hosting.Lifetime|INFO|Application is shutting down... 
2025-11-03 10:41:54.6581|||14|Microsoft.Hosting.Lifetime|INFO|Now listening on: http://localhost:5001 
2025-11-03 10:41:54.6789||||Microsoft.Hosting.Lifetime|INFO|Application started. Press Ctrl+C to shut down. 
2025-11-03 10:41:54.6793||||Microsoft.Hosting.Lifetime|INFO|Hosting environment: Development 
2025-11-03 10:41:54.6793||||Microsoft.Hosting.Lifetime|INFO|Content root path: C:\Users\Viktor\source\repos\smak-hitchhiking\smak\backend 
2025-11-03 11:55:35.5613||||Microsoft.Hosting.Lifetime|INFO|Application is shutting down... 
2025-11-03 13:17:18.1690|||14|Microsoft.Hosting.Lifetime|INFO|Now listening on: http://localhost:5001 
2025-11-03 13:17:18.1896||||Microsoft.Hosting.Lifetime|INFO|Application started. Press Ctrl+C to shut down. 
2025-11-03 13:17:18.1896||||Microsoft.Hosting.Lifetime|INFO|Hosting environment: Development 
2025-11-03 13:17:18.1896||||Microsoft.Hosting.Lifetime|INFO|Content root path: C:\Users\Viktor\source\repos\smak-hitchhiking\smak\backend 
2025-11-03 13:20:35.2000||||Microsoft.Hosting.Lifetime|INFO|Application is shutting down... 
2025-11-03 16:40:34.7163|||14|Microsoft.Hosting.Lifetime|INFO|Now listening on: http://localhost:5001 
2025-11-03 16:40:34.7375||||Microsoft.Hosting.Lifetime|INFO|Application started. Press Ctrl+C to shut down. 
2025-11-03 16:40:34.7375||||Microsoft.Hosting.Lifetime|INFO|Hosting environment: Development 
2025-11-03 16:40:34.7375||||Microsoft.Hosting.Lifetime|INFO|Content root path: C:\Users\Viktor\source\repos\smak-hitchhiking\smak\backend 
2025-11-03 16:42:30.3559||||Microsoft.Hosting.Lifetime|INFO|Application is shutting down... 
