2025-11-07 09:03:01.1140|||14|Microsoft.Hosting.Lifetime|INFO|Now listening on: http://localhost:5001 
2025-11-07 09:03:01.1382||||Microsoft.Hosting.Lifetime|INFO|Application started. Press Ctrl+C to shut down. 
2025-11-07 09:03:01.1382||||Microsoft.Hosting.Lifetime|INFO|Hosting environment: Development 
2025-11-07 09:03:01.1382||||Microsoft.Hosting.Lifetime|INFO|Content root path: C:\Users\jw\Desktop\smak-hitchhiking\smak\backend 
2025-11-07 09:10:44.9160||||Microsoft.Hosting.Lifetime|INFO|Application is shutting down... 
2025-11-07 09:10:50.2159|||14|Microsoft.Hosting.Lifetime|INFO|Now listening on: http://localhost:5001 
2025-11-07 09:10:50.2400||||Microsoft.Hosting.Lifetime|INFO|Application started. Press Ctrl+C to shut down. 
2025-11-07 09:10:50.2400||||Microsoft.Hosting.Lifetime|INFO|Hosting environment: Development 
2025-11-07 09:10:50.2400||||Microsoft.Hosting.Lifetime|INFO|Content root path: C:\Users\jw\Desktop\smak-hitchhiking\smak\backend 
2025-11-07 09:23:31.5513||||Microsoft.Hosting.Lifetime|INFO|Application is shutting down... 
2025-11-07 09:23:36.9411|||14|Microsoft.Hosting.Lifetime|INFO|Now listening on: http://localhost:5001 
2025-11-07 09:23:36.9639||||Microsoft.Hosting.Lifetime|INFO|Application started. Press Ctrl+C to shut down. 
2025-11-07 09:23:36.9639||||Microsoft.Hosting.Lifetime|INFO|Hosting environment: Development 
2025-11-07 09:23:36.9639||||Microsoft.Hosting.Lifetime|INFO|Content root path: C:\Users\jw\Desktop\smak-hitchhiking\smak\backend 
2025-11-07 09:25:09.5181||||Microsoft.Hosting.Lifetime|INFO|Application is shutting down... 
2025-11-07 09:25:15.5549|||14|Microsoft.Hosting.Lifetime|INFO|Now listening on: http://localhost:5001 
2025-11-07 09:25:15.5776||||Microsoft.Hosting.Lifetime|INFO|Application started. Press Ctrl+C to shut down. 
2025-11-07 09:25:15.5776||||Microsoft.Hosting.Lifetime|INFO|Hosting environment: Development 
2025-11-07 09:25:15.5776||||Microsoft.Hosting.Lifetime|INFO|Content root path: C:\Users\jw\Desktop\smak-hitchhiking\smak\backend 
2025-11-07 09:51:05.4503||||Microsoft.Hosting.Lifetime|INFO|Application is shutting down... 
2025-11-07 09:59:47.2191|||14|Microsoft.Hosting.Lifetime|INFO|Now listening on: http://localhost:5001 
2025-11-07 09:59:47.2431||||Microsoft.Hosting.Lifetime|INFO|Application started. Press Ctrl+C to shut down. 
2025-11-07 09:59:47.2431||||Microsoft.Hosting.Lifetime|INFO|Hosting environment: Development 
2025-11-07 09:59:47.2431||||Microsoft.Hosting.Lifetime|INFO|Content root path: C:\Users\jw\Desktop\smak-hitchhiking\smak\backend 
2025-11-07 10:31:11.6225||||Microsoft.Hosting.Lifetime|INFO|Application is shutting down... 
2025-11-07 10:31:36.0682|||14|Microsoft.Hosting.Lifetime|INFO|Now listening on: http://localhost:5001 
2025-11-07 10:31:36.0921||||Microsoft.Hosting.Lifetime|INFO|Application started. Press Ctrl+C to shut down. 
2025-11-07 10:31:36.0921||||Microsoft.Hosting.Lifetime|INFO|Hosting environment: Development 
2025-11-07 10:31:36.0921||||Microsoft.Hosting.Lifetime|INFO|Content root path: C:\Users\jw\Desktop\smak-hitchhiking\smak\backend 
2025-11-07 11:03:49.7277||||Microsoft.Hosting.Lifetime|INFO|Application is shutting down... 
2025-11-07 11:03:55.2122|||14|Microsoft.Hosting.Lifetime|INFO|Now listening on: http://localhost:5001 
2025-11-07 11:03:55.2364||||Microsoft.Hosting.Lifetime|INFO|Application started. Press Ctrl+C to shut down. 
2025-11-07 11:03:55.2364||||Microsoft.Hosting.Lifetime|INFO|Hosting environment: Development 
2025-11-07 11:03:55.2364||||Microsoft.Hosting.Lifetime|INFO|Content root path: C:\Users\jw\Desktop\smak-hitchhiking\smak\backend 
2025-11-07 11:14:25.5482||||Microsoft.Hosting.Lifetime|INFO|Application is shutting down... 
2025-11-07 21:40:59.5354|||14|Microsoft.Hosting.Lifetime|INFO|Now listening on: http://localhost:5001 
2025-11-07 21:40:59.5622||||Microsoft.Hosting.Lifetime|INFO|Application started. Press Ctrl+C to shut down. 
2025-11-07 21:40:59.5622||||Microsoft.Hosting.Lifetime|INFO|Hosting environment: Development 
2025-11-07 21:40:59.5622||||Microsoft.Hosting.Lifetime|INFO|Content root path: C:\Users\jw\Desktop\smak-hitchhiking\smak\backend 
2025-11-07 21:56:52.9617||||Microsoft.Hosting.Lifetime|INFO|Application is shutting down... 
2025-11-07 21:57:20.6251|||14|Microsoft.Hosting.Lifetime|INFO|Now listening on: http://localhost:5001 
2025-11-07 21:57:20.6484||||Microsoft.Hosting.Lifetime|INFO|Application started. Press Ctrl+C to shut down. 
2025-11-07 21:57:20.6484||||Microsoft.Hosting.Lifetime|INFO|Hosting environment: Development 
2025-11-07 21:57:20.6484||||Microsoft.Hosting.Lifetime|INFO|Content root path: C:\Users\jw\Desktop\smak-hitchhiking\smak\backend 
2025-11-07 21:57:37.3524||||Microsoft.Hosting.Lifetime|INFO|Application is shutting down... 
2025-11-07 21:58:00.9135|||14|Microsoft.Hosting.Lifetime|INFO|Now listening on: http://localhost:5001 
2025-11-07 21:58:00.9382||||Microsoft.Hosting.Lifetime|INFO|Application started. Press Ctrl+C to shut down. 
2025-11-07 21:58:00.9382||||Microsoft.Hosting.Lifetime|INFO|Hosting environment: Development 
2025-11-07 21:58:00.9382||||Microsoft.Hosting.Lifetime|INFO|Content root path: C:\Users\jw\Desktop\smak-hitchhiking\smak\backend 
2025-11-07 22:02:54.1447||||Microsoft.Hosting.Lifetime|INFO|Application is shutting down... 
